<?xml version="1.0" encoding="UTF-8"?>
<!-- Generated by org.testng.reporters.JUnitXMLReporter -->
<testsuite ignored="0" hostname="Roshal" failures="0" tests="3" name="Default test" time="0.11" errors="0" timestamp="2025-07-21T12:14:08 IST">
  <testcase classname="helperAttributes.DataProviderdemo" name="login" time="0.016"/>
  <testcase classname="helperAttributes.DataProviderdemo" name="login" time="0.002"/>
  <testcase classname="helperAttributes.DataProviderdemo" name="login" time="0.002"/>
</testsuite> <!-- Default test -->
